<?xml version="1.0" encoding="UTF-8"?>
<!-- Generated by org.testng.reporters.JUnitXMLReporter -->
<testsuite ignored="0" hostname="DESKTOP-IP1AGNT" failures="0" tests="6" name="Default test" time="1.107" errors="0" timestamp="2025-11-25T14:05:12 IST">
  <testcase classname="org.dwsapp.genericlibrary.BaseConfig" name="@BeforeClass browserSetup" time="-1.764059711371E9">
    <failure type="org.testng.TestNGException" message="
Parameter &amp;apos;browser&amp;apos; is required by BeforeClass on method browserSetup but has not been marked @Optional or defined
in C:\Users\admin\AppData\Local\Temp\testng-eclipse--1890361978\testng-customsuite.xml">
      <![CDATA[org.testng.TestNGException: 
Parameter 'browser' is required by BeforeClass on method browserSetup but has not been marked @Optional or defined
in C:\Users\admin\AppData\Local\Temp\testng-eclipse--1890361978\testng-customsuite.xml
at org.testng.internal.Parameters.createParams(Parameters.java:264)
at org.testng.internal.Parameters.createParametersForMethod(Parameters.java:352)
at org.testng.internal.Parameters.createParameters(Parameters.java:690)
at org.testng.internal.Parameters.createConfigurationParameters(Parameters.java:163)
at org.testng.internal.invokers.ConfigInvoker.invokeConfigurations(ConfigInvoker.java:313)
at org.testng.internal.invokers.TestMethodWorker.invokeBeforeClassMethods(TestMethodWorker.java:188)
at org.testng.internal.invokers.TestMethodWorker.run(TestMethodWorker.java:128)
at java.base/java.util.ArrayList.forEach(ArrayList.java:1596)
at org.testng.TestRunner.privateRun(TestRunner.java:741)
at org.testng.TestRunner.run(TestRunner.java:616)
at org.testng.SuiteRunner.runTest(SuiteRunner.java:421)
at org.testng.SuiteRunner.runSequentially(SuiteRunner.java:413)
at org.testng.SuiteRunner.privateRun(SuiteRunner.java:373)
at org.testng.SuiteRunner.run(SuiteRunner.java:312)
at org.testng.SuiteRunnerWorker.runSuite(SuiteRunnerWorker.java:52)
at org.testng.SuiteRunnerWorker.run(SuiteRunnerWorker.java:95)
at org.testng.TestNG.runSuitesSequentially(TestNG.java:1274)
at org.testng.TestNG.runSuitesLocally(TestNG.java:1208)
at org.testng.TestNG.runSuites(TestNG.java:1112)
at org.testng.TestNG.run(TestNG.java:1079)
at org.testng.remote.AbstractRemoteTestNG.run(AbstractRemoteTestNG.java:115)
at org.testng.remote.RemoteTestNG.initAndRun(RemoteTestNG.java:293)
at org.testng.remote.RemoteTestNG.main(RemoteTestNG.java:91)
]]>
    </failure>
  </testcase> <!-- @BeforeClass browserSetup -->
  <testcase classname="org.dwsapp.genericlibrary.BaseConfig" name="@BeforeMethod login" time="0.0">
    <skipped/>
  </testcase> <!-- @BeforeMethod login -->
  <testcase classname="org.dwsapp.genericlibrary.BaseConfig" name="@AfterMethod logout" time="0.0">
    <skipped/>
  </testcase> <!-- @AfterMethod logout -->
  <testcase classname="org.dwsapp.genericlibrary.BaseConfig" name="@BeforeMethod login" time="0.0">
    <skipped/>
  </testcase> <!-- @BeforeMethod login -->
  <testcase classname="org.dwsapp.genericlibrary.BaseConfig" name="@AfterMethod logout" time="0.0">
    <skipped/>
  </testcase> <!-- @AfterMethod logout -->
  <testcase classname="org.dwsapp.genericlibrary.BaseConfig" name="@BeforeMethod login" time="0.0">
    <skipped/>
  </testcase> <!-- @BeforeMethod login -->
  <testcase classname="org.dwsapp.genericlibrary.BaseConfig" name="@AfterMethod logout" time="0.0">
    <skipped/>
  </testcase> <!-- @AfterMethod logout -->
  <testcase classname="org.dwsapp.genericlibrary.BaseConfig" name="@BeforeMethod login" time="0.0">
    <skipped/>
  </testcase> <!-- @BeforeMethod login -->
  <testcase classname="org.dwsapp.genericlibrary.BaseConfig" name="@AfterMethod logout" time="0.0">
    <skipped/>
  </testcase> <!-- @AfterMethod logout -->
  <testcase classname="org.dwsapp.genericlibrary.BaseConfig" name="@BeforeMethod login" time="0.0">
    <skipped/>
  </testcase> <!-- @BeforeMethod login -->
  <testcase classname="org.dwsapp.genericlibrary.BaseConfig" name="@AfterMethod logout" time="0.0">
    <skipped/>
  </testcase> <!-- @AfterMethod logout -->
  <testcase classname="org.dwsapp.genericlibrary.BaseConfig" name="@BeforeMethod login" time="0.0">
    <skipped/>
  </testcase> <!-- @BeforeMethod login -->
  <testcase classname="org.dwsapp.genericlibrary.BaseConfig" name="@AfterMethod logout" time="0.0">
    <skipped/>
  </testcase> <!-- @AfterMethod logout -->
  <testcase classname="org.dwsapp.genericlibrary.BaseConfig" name="@AfterClass browserTeminate" time="0.0">
    <skipped/>
  </testcase> <!-- @AfterClass browserTeminate -->
  <testcase classname="org.dwsapp.allproductstest.ProductTest" name="verifyHealthBook" time="0.0">
    <skipped/>
  </testcase> <!-- verifyHealthBook -->
  <testcase classname="org.dwsapp.allproductstest.ProductTest" name="verifyDesktop" time="0.001">
    <skipped/>
  </testcase> <!-- verifyDesktop -->
  <testcase classname="org.dwsapp.allproductstest.ProductTest" name="verifyNoteBook" time="0.0">
    <skipped/>
  </testcase> <!-- verifyNoteBook -->
  <testcase classname="org.dwsapp.allproductstest.ProductTest" name="verifyAccessories" time="0.0">
    <skipped/>
  </testcase> <!-- verifyAccessories -->
  <testcase classname="org.dwsapp.allproductstest.ProductTest" name="verifyCameraAndPhoto" time="0.001">
    <skipped/>
  </testcase> <!-- verifyCameraAndPhoto -->
  <testcase classname="org.dwsapp.allproductstest.ProductTest" name="verifyCellPhones" time="0.001">
    <skipped/>
  </testcase> <!-- verifyCellPhones -->
</testsuite> <!-- Default test -->
