<?xml version="1.0" encoding="UTF-8"?>
<!-- Generated by org.testng.reporters.JUnitReportReporter -->
<testsuite hostname="DESKTOP-IP1AGNT" failures="0" tests="1" name="org.dwsapp.allproductstest.BookTest" time="23.410" errors="0" timestamp="2025-11-25T15:00:22 IST" skipped="0">
  <testcase classname="org.dwsapp.allproductstest.BookTest" name="verifyHealthBook" time="23.410">
    <system-out>
      <![CDATA[Search box working Successfully
Entering data Successfully
Search button clicked Successfully
Clicked on the book Successfully
book Added to cart Successfully
Clicked on Shoppingcart Successfully
Clicked on Countryid dropdown  Successfully
Clicked on State dropdown  Successfully
Enter the code on Zippostal code  Successfully
Estimateshipping button clicked  Successfully
Clicked on TermsofserviceCheckbox Successfully
Clicked on Checkout button Successfully
Clicked on Billingcontinue button Successfully
Clicked on Shippingcontinue button Successfully
Clicked on Shipping method continue button Successfully
Clicked on Payment method continue button Successfully
Clicked on Paymentinfocontinue button Successfully
Clicked on Confirm button  Successfully
Thank you text displayed Successfully
BookTest-HealthBook Verified]]>
    </system-out>
  </testcase> <!-- verifyHealthBook -->
  <system-out>
    <![CDATA[Browser setup success
Login success
Search box working Successfully
Entering data Successfully
Search button clicked Successfully
Clicked on the book Successfully
book Added to cart Successfully
Clicked on Shoppingcart Successfully
Clicked on Countryid dropdown  Successfully
Clicked on State dropdown  Successfully
Enter the code on Zippostal code  Successfully
Estimateshipping button clicked  Successfully
Clicked on TermsofserviceCheckbox Successfully
Clicked on Checkout button Successfully
Clicked on Billingcontinue button Successfully
Clicked on Shippingcontinue button Successfully
Clicked on Shipping method continue button Successfully
Clicked on Payment method continue button Successfully
Clicked on Paymentinfocontinue button Successfully
Clicked on Confirm button  Successfully
Thank you text displayed Successfully
BookTest-HealthBook Verified
Log out success
Browser terminate success]]>
  </system-out>
</testsuite> <!-- org.dwsapp.allproductstest.BookTest -->
