<?xml version="1.0" encoding="UTF-8"?>
<!-- Generated by org.testng.reporters.JUnitReportReporter -->
<testsuite hostname="DESKTOP-IP1AGNT" failures="0" tests="1" name="org.dwsapp.producttest.BookTest" time="13.831" errors="0" timestamp="2025-11-22T14:22:04 IST" skipped="0">
  <testcase classname="org.dwsapp.producttest.BookTest" name="verifyHealthBook" time="13.831">
    <system-out>
      <![CDATA[Search box working Successfully
Entering data Successfully
Search button clicked Successfully
Clicked on the book Successfully
book Added to cart Successfully
BookTest-HealthBook Verified]]>
    </system-out>
  </testcase> <!-- verifyHealthBook -->
  <system-out>
    <![CDATA[Browser setup success
Login success
Search box working Successfully
Entering data Successfully
Search button clicked Successfully
Clicked on the book Successfully
book Added to cart Successfully
BookTest-HealthBook Verified
Log out success
Browser terminate success
Browser setup success
Login success
Mouse Hovered to the Electronics Successfully
Cellphone clicked Successfully
Phone text clicked Successfully
Phone added to cart Successfully
ElectronicsTest-CellPhones Verified
Log out success
Login success
Mouse Hovered to the Electronics Successfully
Camera clicked Successfully
camera text clicked Successfully
Camera added to cart Successfully
ElectronicsTest-CameraAndPhoto Verified
Log out success
Browser terminate success
Browser setup success
Login success
Mouse Hovered to the computers Successfully
Notebooks clicked Successfully
Laptop text clicked Successfully
computer added to cart Successfully
ComputerTest-NoteBook Verified
Log out success
Login success
Mouse Hovered to the computers Successfully
Accessories clicked Successfully
Accessories text clicked Successfully
computer added to cart Successfully
ComputerTest-Accessories Verified
Log out success
Login success
Mouse Hovered to the computers Successfully
Desktop clicked Successfully
computer text clicked Successfully
computer added to cart Successfully
ComputerTest-Desktop Verified
Log out success
Browser terminate success]]>
  </system-out>
</testsuite> <!-- org.dwsapp.producttest.BookTest -->
