<?xml version="1.0" encoding="UTF-8"?>
<!-- Generated by org.testng.reporters.JUnitReportReporter -->
<testsuite hostname="DESKTOP-IP1AGNT" failures="0" tests="6" name="org.dwsapp.allproductstest.ProductTest" time="112.873" errors="0" timestamp="2025-11-25T15:11:16 IST" skipped="0">
  <testcase classname="org.dwsapp.allproductstest.ProductTest" name="verifyHealthBook" time="21.283">
    <system-out>
      <![CDATA[Search box working Successfully
Entering data Successfully
Search button clicked Successfully
Clicked on the book Successfully
book Added to cart Successfully
Clicked on Shoppingcart Successfully
Clicked on Countryid dropdown  Successfully
Clicked on State dropdown  Successfully
Enter the code on Zippostal code  Successfully
Estimateshipping button clicked  Successfully
Clicked on TermsofserviceCheckbox Successfully
Clicked on Checkout button Successfully
Clicked on Billingcontinue button Successfully
Clicked on Shippingcontinue button Successfully
Clicked on Shipping method continue button Successfully
Clicked on Payment method continue button Successfully
Clicked on Paymentinfocontinue button Successfully
Clicked on Confirm button  Successfully
Thank you text displayed Successfully
BookTest-HealthBook Verified]]>
    </system-out>
  </testcase> <!-- verifyHealthBook -->
  <testcase classname="org.dwsapp.allproductstest.ProductTest" name="verifyDesktop" time="20.342">
    <system-out>
      <![CDATA[Mouse Hovered to the computers Successfully
Desktop clicked Successfully
computer text clicked Successfully
computer added to cart Successfully
Clicked on Shoppingcart Successfully
Clicked on Countryid dropdown  Successfully
Clicked on State dropdown  Successfully
Enter the code on Zippostal code  Successfully
Estimateshipping button clicked  Successfully
Clicked on TermsofserviceCheckbox Successfully
Clicked on Checkout button Successfully
Clicked on Billingcontinue button Successfully
Clicked on Shippingcontinue button Successfully
Clicked on Shipping method continue button Successfully
Clicked on Payment method continue button Successfully
Clicked on Paymentinfocontinue button Successfully
Clicked on Confirm button  Successfully
Thank you text displayed Successfully
ComputerTest-Desktop Verified]]>
    </system-out>
  </testcase> <!-- verifyDesktop -->
  <testcase classname="org.dwsapp.allproductstest.ProductTest" name="verifyNoteBook" time="15.748">
    <system-out>
      <![CDATA[Mouse Hovered to the computers Successfully
Notebooks clicked Successfully
Laptop text clicked Successfully
computer added to cart Successfully
Clicked on Shoppingcart Successfully
Clicked on Countryid dropdown  Successfully
Clicked on State dropdown  Successfully
Enter the code on Zippostal code  Successfully
Estimateshipping button clicked  Successfully
Clicked on TermsofserviceCheckbox Successfully
Clicked on Checkout button Successfully
Clicked on Billingcontinue button Successfully
Clicked on Shippingcontinue button Successfully
Clicked on Shipping method continue button Successfully
Clicked on Payment method continue button Successfully
Clicked on Paymentinfocontinue button Successfully
Clicked on Confirm button  Successfully
Thank you text displayed Successfully
ComputerTest-NoteBook Verified]]>
    </system-out>
  </testcase> <!-- verifyNoteBook -->
  <testcase classname="org.dwsapp.allproductstest.ProductTest" name="verifyAccessories" time="27.591">
    <system-out>
      <![CDATA[Mouse Hovered to the computers Successfully
Accessories clicked Successfully
Accessories text clicked Successfully
computer added to cart Successfully
Clicked on Shoppingcart Successfully
Clicked on Countryid dropdown  Successfully
Clicked on State dropdown  Successfully
Enter the code on Zippostal code  Successfully
Estimateshipping button clicked  Successfully
Clicked on TermsofserviceCheckbox Successfully
Clicked on Checkout button Successfully
Clicked on Billingcontinue button Successfully
Clicked on Shippingcontinue button Successfully
Clicked on Shipping method continue button Successfully
Clicked on Payment method continue button Successfully
Clicked on Paymentinfocontinue button Successfully
Clicked on Confirm button  Successfully
Thank you text displayed Successfully
ComputerTest-Accessories Verified]]>
    </system-out>
  </testcase> <!-- verifyAccessories -->
  <testcase classname="org.dwsapp.allproductstest.ProductTest" name="verifyCameraAndPhoto" time="13.285">
    <system-out>
      <![CDATA[Mouse Hovered to the Electronics Successfully
Camera clicked Successfully
camera text clicked Successfully
Camera added to cart Successfully
Clicked on Shoppingcart Successfully
Clicked on Countryid dropdown  Successfully
Clicked on State dropdown  Successfully
Enter the code on Zippostal code  Successfully
Estimateshipping button clicked  Successfully
Clicked on TermsofserviceCheckbox Successfully
Clicked on Checkout button Successfully
Clicked on Billingcontinue button Successfully
Clicked on Shippingcontinue button Successfully
Clicked on Shipping method continue button Successfully
Clicked on Payment method continue button Successfully
Clicked on Paymentinfocontinue button Successfully
Clicked on Confirm button  Successfully
Thank you text displayed Successfully
ElectronicsTest-Camera and phone Verified]]>
    </system-out>
  </testcase> <!-- verifyCameraAndPhoto -->
  <testcase classname="org.dwsapp.allproductstest.ProductTest" name="verifyCellPhones" time="14.624">
    <system-out>
      <![CDATA[Mouse Hovered to the Electronics Successfully
Cellphone clicked Successfully
Phone text clicked Successfully
Phone added to cart Successfully
Clicked on Shoppingcart Successfully
Clicked on Countryid dropdown  Successfully
Clicked on State dropdown  Successfully
Enter the code on Zippostal code  Successfully
Estimateshipping button clicked  Successfully
Clicked on TermsofserviceCheckbox Successfully
Clicked on Checkout button Successfully
Clicked on Billingcontinue button Successfully
Clicked on Shippingcontinue button Successfully
Clicked on Shipping method continue button Successfully
Clicked on Payment method continue button Successfully
Clicked on Paymentinfocontinue button Successfully
Clicked on Confirm button  Successfully
Thank you text displayed Successfully
ElectronicsTest-CellPhones Verified]]>
    </system-out>
  </testcase> <!-- verifyCellPhones -->
  <system-out>
    <![CDATA[Browser setup success
Login success
Search box working Successfully
Entering data Successfully
Search button clicked Successfully
Clicked on the book Successfully
book Added to cart Successfully
Clicked on Shoppingcart Successfully
Clicked on Countryid dropdown  Successfully
Clicked on State dropdown  Successfully
Enter the code on Zippostal code  Successfully
Estimateshipping button clicked  Successfully
Clicked on TermsofserviceCheckbox Successfully
Clicked on Checkout button Successfully
Clicked on Billingcontinue button Successfully
Clicked on Shippingcontinue button Successfully
Clicked on Shipping method continue button Successfully
Clicked on Payment method continue button Successfully
Clicked on Paymentinfocontinue button Successfully
Clicked on Confirm button  Successfully
Thank you text displayed Successfully
BookTest-HealthBook Verified
Log out success
Login success
Mouse Hovered to the computers Successfully
Desktop clicked Successfully
computer text clicked Successfully
computer added to cart Successfully
Clicked on Shoppingcart Successfully
Clicked on Countryid dropdown  Successfully
Clicked on State dropdown  Successfully
Enter the code on Zippostal code  Successfully
Estimateshipping button clicked  Successfully
Clicked on TermsofserviceCheckbox Successfully
Clicked on Checkout button Successfully
Clicked on Billingcontinue button Successfully
Clicked on Shippingcontinue button Successfully
Clicked on Shipping method continue button Successfully
Clicked on Payment method continue button Successfully
Clicked on Paymentinfocontinue button Successfully
Clicked on Confirm button  Successfully
Thank you text displayed Successfully
ComputerTest-Desktop Verified
Log out success
Login success
Mouse Hovered to the computers Successfully
Notebooks clicked Successfully
Laptop text clicked Successfully
computer added to cart Successfully
Clicked on Shoppingcart Successfully
Clicked on Countryid dropdown  Successfully
Clicked on State dropdown  Successfully
Enter the code on Zippostal code  Successfully
Estimateshipping button clicked  Successfully
Clicked on TermsofserviceCheckbox Successfully
Clicked on Checkout button Successfully
Clicked on Billingcontinue button Successfully
Clicked on Shippingcontinue button Successfully
Clicked on Shipping method continue button Successfully
Clicked on Payment method continue button Successfully
Clicked on Paymentinfocontinue button Successfully
Clicked on Confirm button  Successfully
Thank you text displayed Successfully
ComputerTest-NoteBook Verified
Log out success
Login success
Mouse Hovered to the computers Successfully
Accessories clicked Successfully
Accessories text clicked Successfully
computer added to cart Successfully
Clicked on Shoppingcart Successfully
Clicked on Countryid dropdown  Successfully
Clicked on State dropdown  Successfully
Enter the code on Zippostal code  Successfully
Estimateshipping button clicked  Successfully
Clicked on TermsofserviceCheckbox Successfully
Clicked on Checkout button Successfully
Clicked on Billingcontinue button Successfully
Clicked on Shippingcontinue button Successfully
Clicked on Shipping method continue button Successfully
Clicked on Payment method continue button Successfully
Clicked on Paymentinfocontinue button Successfully
Clicked on Confirm button  Successfully
Thank you text displayed Successfully
ComputerTest-Accessories Verified
Log out success
Login success
Mouse Hovered to the Electronics Successfully
Camera clicked Successfully
camera text clicked Successfully
Camera added to cart Successfully
Clicked on Shoppingcart Successfully
Clicked on Countryid dropdown  Successfully
Clicked on State dropdown  Successfully
Enter the code on Zippostal code  Successfully
Estimateshipping button clicked  Successfully
Clicked on TermsofserviceCheckbox Successfully
Clicked on Checkout button Successfully
Clicked on Billingcontinue button Successfully
Clicked on Shippingcontinue button Successfully
Clicked on Shipping method continue button Successfully
Clicked on Payment method continue button Successfully
Clicked on Paymentinfocontinue button Successfully
Clicked on Confirm button  Successfully
Thank you text displayed Successfully
ElectronicsTest-Camera and phone Verified
Log out success
Login success
Mouse Hovered to the Electronics Successfully
Cellphone clicked Successfully
Phone text clicked Successfully
Phone added to cart Successfully
Clicked on Shoppingcart Successfully
Clicked on Countryid dropdown  Successfully
Clicked on State dropdown  Successfully
Enter the code on Zippostal code  Successfully
Estimateshipping button clicked  Successfully
Clicked on TermsofserviceCheckbox Successfully
Clicked on Checkout button Successfully
Clicked on Billingcontinue button Successfully
Clicked on Shippingcontinue button Successfully
Clicked on Shipping method continue button Successfully
Clicked on Payment method continue button Successfully
Clicked on Paymentinfocontinue button Successfully
Clicked on Confirm button  Successfully
Thank you text displayed Successfully
ElectronicsTest-CellPhones Verified
Log out success
Browser terminate success]]>
  </system-out>
</testsuite> <!-- org.dwsapp.allproductstest.ProductTest -->
