<?xml version="1.0" encoding="UTF-8"?>
<!-- Generated by org.testng.reporters.JUnitXMLReporter -->
<testsuite ignored="0" hostname="DESKTOP-IP1AGNT" failures="0" tests="6" name="Test" time="140.003" errors="0" timestamp="2025-11-25T15:11:15 IST">
  <testcase classname="org.dwsapp.allproductstest.ProductTest" name="verifyHealthBook" time="16.763"/>
  <testcase classname="org.dwsapp.allproductstest.ProductTest" name="verifyDesktop" time="15.976"/>
  <testcase classname="org.dwsapp.allproductstest.ProductTest" name="verifyNoteBook" time="12.813"/>
  <testcase classname="org.dwsapp.allproductstest.ProductTest" name="verifyAccessories" time="23.654"/>
  <testcase classname="org.dwsapp.allproductstest.ProductTest" name="verifyCameraAndPhoto" time="10.876"/>
  <testcase classname="org.dwsapp.allproductstest.ProductTest" name="verifyCellPhones" time="11.621"/>
</testsuite> <!-- Test -->
